[2019-03-12 17:27:35.354] [exthost] [info] extension host started
[2019-03-12 17:27:35.403] [exthost] [info] ExtensionService#_doActivateExtension vscode.debug-auto-launch {"startup":true,"activationEvent":"*"}
[2019-03-12 17:27:35.403] [exthost] [info] ExtensionService#loadCommonJSModule /snap/vscode/87/usr/share/code/resources/app/extensions/debug-auto-launch/dist/extension
[2019-03-12 17:27:35.407] [exthost] [info] ExtensionService#_doActivateExtension vscode.emmet {"startup":true,"activationEvent":"*"}
[2019-03-12 17:27:35.407] [exthost] [info] ExtensionService#loadCommonJSModule /snap/vscode/87/usr/share/code/resources/app/extensions/emmet/dist/extension
[2019-03-12 17:27:35.422] [exthost] [info] ExtensionService#_doActivateExtension vscode.git {"startup":true,"activationEvent":"*"}
[2019-03-12 17:27:35.422] [exthost] [info] ExtensionService#loadCommonJSModule /snap/vscode/87/usr/share/code/resources/app/extensions/git/dist/main
[2019-03-12 17:27:35.516] [exthost] [info] ExtensionService#_doActivateExtension vscode.merge-conflict {"startup":true,"activationEvent":"*"}
[2019-03-12 17:27:35.516] [exthost] [info] ExtensionService#loadCommonJSModule /snap/vscode/87/usr/share/code/resources/app/extensions/merge-conflict/dist/extension
[2019-03-12 17:27:35.522] [exthost] [info] eager extensions activated
[2019-03-12 17:33:34.914] [exthost] [info] ExtensionService#_doActivateExtension vscode.extension-editing {"startup":false,"activationEvent":"onLanguage:typescript"}
[2019-03-12 17:33:34.914] [exthost] [info] ExtensionService#loadCommonJSModule /snap/vscode/87/usr/share/code/resources/app/extensions/extension-editing/dist/extension
[2019-03-12 17:33:34.993] [exthost] [info] ExtensionService#_doActivateExtension vscode.typescript-language-features {"startup":false,"activationEvent":"onLanguage:typescript"}
[2019-03-12 17:33:34.993] [exthost] [info] ExtensionService#loadCommonJSModule /snap/vscode/87/usr/share/code/resources/app/extensions/typescript-language-features/dist/extension
[2019-03-12 17:33:40.444] [exthost] [info] ExtensionService#_doActivateExtension vscode.configuration-editing {"startup":false,"activationEvent":"onLanguage:jsonc"}
[2019-03-12 17:33:40.444] [exthost] [info] ExtensionService#loadCommonJSModule /snap/vscode/87/usr/share/code/resources/app/extensions/configuration-editing/dist/extension
[2019-03-12 17:33:40.456] [exthost] [info] ExtensionService#_doActivateExtension vscode.json-language-features {"startup":false,"activationEvent":"onLanguage:jsonc"}
[2019-03-12 17:33:40.456] [exthost] [info] ExtensionService#loadCommonJSModule /snap/vscode/87/usr/share/code/resources/app/extensions/json-language-features/client/dist/jsonMain
[2019-03-12 18:05:54.037] [exthost] [info] ExtensionService#_doActivateExtension vscode.css-language-features {"startup":false,"activationEvent":"onLanguage:css"}
[2019-03-12 18:05:54.037] [exthost] [info] ExtensionService#loadCommonJSModule /snap/vscode/87/usr/share/code/resources/app/extensions/css-language-features/client/dist/cssMain
[2019-03-12 18:47:01.420] [exthost] [info] extension host started
[2019-03-12 18:47:01.440] [exthost] [info] ExtensionService#_doActivateExtension vscode.debug-auto-launch {"startup":true,"activationEvent":"*"}
[2019-03-12 18:47:01.440] [exthost] [info] ExtensionService#loadCommonJSModule /snap/vscode/87/usr/share/code/resources/app/extensions/debug-auto-launch/dist/extension
[2019-03-12 18:47:01.444] [exthost] [info] ExtensionService#_doActivateExtension vscode.emmet {"startup":true,"activationEvent":"*"}
[2019-03-12 18:47:01.444] [exthost] [info] ExtensionService#loadCommonJSModule /snap/vscode/87/usr/share/code/resources/app/extensions/emmet/dist/extension
[2019-03-12 18:47:01.471] [exthost] [info] ExtensionService#_doActivateExtension vscode.git {"startup":true,"activationEvent":"*"}
[2019-03-12 18:47:01.471] [exthost] [info] ExtensionService#loadCommonJSModule /snap/vscode/87/usr/share/code/resources/app/extensions/git/dist/main
[2019-03-12 18:47:01.592] [exthost] [info] ExtensionService#_doActivateExtension vscode.merge-conflict {"startup":true,"activationEvent":"*"}
[2019-03-12 18:47:01.592] [exthost] [info] ExtensionService#loadCommonJSModule /snap/vscode/87/usr/share/code/resources/app/extensions/merge-conflict/dist/extension
[2019-03-12 18:47:01.597] [exthost] [info] eager extensions activated
[2019-03-12 18:49:34.314] [exthost] [info] ExtensionService#_doActivateExtension vscode.configuration-editing {"startup":false,"activationEvent":"onLanguage:json"}
[2019-03-12 18:49:34.314] [exthost] [info] ExtensionService#loadCommonJSModule /snap/vscode/87/usr/share/code/resources/app/extensions/configuration-editing/dist/extension
[2019-03-12 18:49:34.326] [exthost] [info] ExtensionService#_doActivateExtension vscode.extension-editing {"startup":false,"activationEvent":"onLanguage:json"}
[2019-03-12 18:49:34.326] [exthost] [info] ExtensionService#loadCommonJSModule /snap/vscode/87/usr/share/code/resources/app/extensions/extension-editing/dist/extension
[2019-03-12 18:49:34.403] [exthost] [info] ExtensionService#_doActivateExtension vscode.json-language-features {"startup":false,"activationEvent":"onLanguage:json"}
[2019-03-12 18:49:34.403] [exthost] [info] ExtensionService#loadCommonJSModule /snap/vscode/87/usr/share/code/resources/app/extensions/json-language-features/client/dist/jsonMain
[2019-03-12 18:49:34.473] [exthost] [info] ExtensionService#_doActivateExtension vscode.npm {"startup":false,"activationEvent":"onLanguage:json"}
[2019-03-12 18:49:34.473] [exthost] [info] ExtensionService#loadCommonJSModule /snap/vscode/87/usr/share/code/resources/app/extensions/npm/dist/main
[2019-03-12 18:49:34.755] [exthost] [info] ExtensionService#_doActivateExtension vscode.typescript-language-features {"startup":false,"activationEvent":"onLanguage:jsonc"}
[2019-03-12 18:49:34.755] [exthost] [info] ExtensionService#loadCommonJSModule /snap/vscode/87/usr/share/code/resources/app/extensions/typescript-language-features/dist/extension
[2019-03-12 18:58:40.542] [exthost] [info] ExtensionService#_doActivateExtension vscode.markdown-language-features {"startup":false,"activationEvent":"onLanguage:markdown"}
[2019-03-12 18:58:40.542] [exthost] [info] ExtensionService#loadCommonJSModule /snap/vscode/87/usr/share/code/resources/app/extensions/markdown-language-features/dist/extension
[2019-03-12 19:20:05.579] [exthost] [info] ExtensionService#_doActivateExtension vscode.html-language-features {"startup":false,"activationEvent":"onLanguage:html"}
[2019-03-12 19:20:05.579] [exthost] [info] ExtensionService#loadCommonJSModule /snap/vscode/87/usr/share/code/resources/app/extensions/html-language-features/client/dist/htmlMain
[2019-03-12 20:00:24.986] [exthost] [info] ExtensionService#_doActivateExtension sysoev.language-stylus {"startup":false,"activationEvent":"onLanguage:stylus"}
[2019-03-12 20:00:24.986] [exthost] [info] ExtensionService#loadCommonJSModule /home/developerx/.vscode/extensions/sysoev.language-stylus-1.11.0/out/src/extension
[2019-03-12 20:01:06.777] [exthost] [info] ExtensionService#_doActivateExtension alexiv.vscode-angular2-files {"startup":false,"activationEvent":"*"}
[2019-03-12 20:01:06.777] [exthost] [info] ExtensionService#loadCommonJSModule /home/developerx/.vscode/extensions/alexiv.vscode-angular2-files-1.6.2/out/src/extension
